# JRE version: OpenJDK Runtime Environment (8.0_242-b01) (build 1.8.0_242-release-1644-b01)
# Java VM: OpenJDK 64-Bit Server VM (25.242-b01 mixed mode windows-amd64 compressed oops)
Heap:
 PSYoungGen      total 581120K, used 35600K [0x00000000d5580000, 0x00000000fd380000, 0x0000000100000000)
  eden space 509952K, 2% used [0x00000000d5580000,0x00000000d60a0508,0x00000000f4780000)
  from space 71168K, 34% used [0x00000000f8e00000,0x00000000fa5a3d38,0x00000000fd380000)
  to   space 71680K, 0% used [0x00000000f4780000,0x00000000f4780000,0x00000000f8d80000)
 ParOldGen       total 327680K, used 105670K [0x0000000080000000, 0x0000000094000000, 0x00000000d5580000)
  object space 327680K, 32% used [0x0000000080000000,0x00000000867319d8,0x0000000094000000)
 Metaspace       used 110981K, capacity 117236K, committed 117580K, reserved 1150976K
  class space    used 14163K, capacity 15356K, committed 15488K, reserved 1048576K
GC Heap History (10 events):
Event: 4253.861 GC heap before
{Heap before GC invocations=33 (full 4):
 PSYoungGen      total 389120K, used 360851K [0x00000000d5580000, 0x00000000f2000000, 0x0000000100000000)
  eden space 310784K, 100% used [0x00000000d5580000,0x00000000e8500000,0x00000000e8500000)
  from space 78336K, 63% used [0x00000000ed380000,0x00000000f0464db8,0x00000000f2000000)
  to   space 79360K, 0% used [0x00000000e8500000,0x00000000e8500000,0x00000000ed280000)
 ParOldGen       total 327680K, used 62537K [0x0000000080000000, 0x0000000094000000, 0x00000000d5580000)
  object space 327680K, 19% used [0x0000000080000000,0x0000000083d12640,0x0000000094000000)
 Metaspace       used 110693K, capacity 116874K, committed 117068K, reserved 1150976K
  class space    used 14146K, capacity 15317K, committed 15488K, reserved 1048576K
Event: 4254.078 GC heap after
Heap after GC invocations=33 (full 4):
 PSYoungGen      total 390144K, used 63929K [0x00000000d5580000, 0x00000000f6200000, 0x0000000100000000)
  eden space 310784K, 0% used [0x00000000d5580000,0x00000000d5580000,0x00000000e8500000)
  from space 79360K, 80% used [0x00000000e8500000,0x00000000ec36e500,0x00000000ed280000)
  to   space 85504K, 0% used [0x00000000f0e80000,0x00000000f0e80000,0x00000000f6200000)
 ParOldGen       total 327680K, used 62537K [0x0000000080000000, 0x0000000094000000, 0x00000000d5580000)
  object space 327680K, 19% used [0x0000000080000000,0x0000000083d12640,0x0000000094000000)
 Metaspace       used 110693K, capacity 116874K, committed 117068K, reserved 1150976K
  class space    used 14146K, capacity 15317K, committed 15488K, reserved 1048576K
}
Event: 4255.897 GC heap before
{Heap before GC invocations=34 (full 4):
 PSYoungGen      total 390144K, used 374713K [0x00000000d5580000, 0x00000000f6200000, 0x0000000100000000)
  eden space 310784K, 100% used [0x00000000d5580000,0x00000000e8500000,0x00000000e8500000)
  from space 79360K, 80% used [0x00000000e8500000,0x00000000ec36e500,0x00000000ed280000)
  to   space 85504K, 0% used [0x00000000f0e80000,0x00000000f0e80000,0x00000000f6200000)
 ParOldGen       total 327680K, used 62537K [0x0000000080000000, 0x0000000094000000, 0x00000000d5580000)
  object space 327680K, 19% used [0x0000000080000000,0x0000000083d12640,0x0000000094000000)
 Metaspace       used 110822K, capacity 117062K, committed 117324K, reserved 1150976K
  class space    used 14158K, capacity 15351K, committed 15488K, reserved 1048576K
Event: 4256.022 GC heap after
Heap after GC invocations=34 (full 4):
 PSYoungGen      total 453632K, used 35486K [0x00000000d5580000, 0x00000000f6000000, 0x0000000100000000)
  eden space 370176K, 0% used [0x00000000d5580000,0x00000000d5580000,0x00000000ebf00000)
  from space 83456K, 42% used [0x00000000f0e80000,0x00000000f31278f0,0x00000000f6000000)
  to   space 81408K, 0% used [0x00000000ebf00000,0x00000000ebf00000,0x00000000f0e80000)
 ParOldGen       total 327680K, used 87303K [0x0000000080000000, 0x0000000094000000, 0x00000000d5580000)
  object space 327680K, 26% used [0x0000000080000000,0x0000000085541f10,0x0000000094000000)
 Metaspace       used 110822K, capacity 117062K, committed 117324K, reserved 1150976K
  class space    used 14158K, capacity 15351K, committed 15488K, reserved 1048576K
}
Event: 4258.373 GC heap before
{Heap before GC invocations=35 (full 4):
 PSYoungGen      total 453632K, used 405662K [0x00000000d5580000, 0x00000000f6000000, 0x0000000100000000)
  eden space 370176K, 100% used [0x00000000d5580000,0x00000000ebf00000,0x00000000ebf00000)
  from space 83456K, 42% used [0x00000000f0e80000,0x00000000f31278f0,0x00000000f6000000)
  to   space 81408K, 0% used [0x00000000ebf00000,0x00000000ebf00000,0x00000000f0e80000)
 ParOldGen       total 327680K, used 87303K [0x0000000080000000, 0x0000000094000000, 0x00000000d5580000)
  object space 327680K, 26% used [0x0000000080000000,0x0000000085541f10,0x0000000094000000)
 Metaspace       used 110865K, capacity 117140K, committed 117324K, reserved 1150976K
  class space    used 14160K, capacity 15354K, committed 15488K, reserved 1048576K
Event: 4258.408 GC heap after
Heap after GC invocations=35 (full 4):
 PSYoungGen      total 451584K, used 24584K [0x00000000d5580000, 0x00000000f9e00000, 0x0000000100000000)
  eden space 370176K, 0% used [0x00000000d5580000,0x00000000d5580000,0x00000000ebf00000)
  from space 81408K, 30% used [0x00000000ebf00000,0x00000000ed702230,0x00000000f0e80000)
  to   space 79872K, 0% used [0x00000000f5000000,0x00000000f5000000,0x00000000f9e00000)
 ParOldGen       total 327680K, used 95798K [0x0000000080000000, 0x0000000094000000, 0x00000000d5580000)
  object space 327680K, 29% used [0x0000000080000000,0x0000000085d8dab8,0x0000000094000000)
 Metaspace       used 110865K, capacity 117140K, committed 117324K, reserved 1150976K
  class space    used 14160K, capacity 15354K, committed 15488K, reserved 1048576K
}
Event: 4260.760 GC heap before
{Heap before GC invocations=36 (full 4):
 PSYoungGen      total 451584K, used 394760K [0x00000000d5580000, 0x00000000f9e00000, 0x0000000100000000)
  eden space 370176K, 100% used [0x00000000d5580000,0x00000000ebf00000,0x00000000ebf00000)
  from space 81408K, 30% used [0x00000000ebf00000,0x00000000ed702230,0x00000000f0e80000)
  to   space 79872K, 0% used [0x00000000f5000000,0x00000000f5000000,0x00000000f9e00000)
 ParOldGen       total 327680K, used 95798K [0x0000000080000000, 0x0000000094000000, 0x00000000d5580000)
  object space 327680K, 29% used [0x0000000080000000,0x0000000085d8dab8,0x0000000094000000)
 Metaspace       used 110913K, capacity 117158K, committed 117324K, reserved 1150976K
  class space    used 14161K, capacity 15355K, committed 15488K, reserved 1048576K
Event: 4260.865 GC heap after
Heap after GC invocations=36 (full 4):
 PSYoungGen      total 515584K, used 32012K [0x00000000d5580000, 0x00000000f9900000, 0x0000000100000000)
  eden space 440832K, 0% used [0x00000000d5580000,0x00000000d5580000,0x00000000f0400000)
  from space 74752K, 42% used [0x00000000f5000000,0x00000000f6f43268,0x00000000f9900000)
  to   space 76288K, 0% used [0x00000000f0400000,0x00000000f0400000,0x00000000f4e80000)
 ParOldGen       total 327680K, used 96132K [0x0000000080000000, 0x0000000094000000, 0x00000000d5580000)
  object space 327680K, 29% used [0x0000000080000000,0x0000000085de11a0,0x0000000094000000)
 Metaspace       used 110913K, capacity 117158K, committed 117324K, reserved 1150976K
  class space    used 14161K, capacity 15355K, committed 15488K, reserved 1048576K
}
Event: 4262.618 GC heap before
{Heap before GC invocations=37 (full 4):
 PSYoungGen      total 515584K, used 472844K [0x00000000d5580000, 0x00000000f9900000, 0x0000000100000000)
  eden space 440832K, 100% used [0x00000000d5580000,0x00000000f0400000,0x00000000f0400000)
  from space 74752K, 42% used [0x00000000f5000000,0x00000000f6f43268,0x00000000f9900000)
  to   space 76288K, 0% used [0x00000000f0400000,0x00000000f0400000,0x00000000f4e80000)
 ParOldGen       total 327680K, used 96132K [0x0000000080000000, 0x0000000094000000, 0x00000000d5580000)
  object space 327680K, 29% used [0x0000000080000000,0x0000000085de11a0,0x0000000094000000)
 Metaspace       used 110928K, capacity 117172K, committed 117324K, reserved 1150976K
  class space    used 14163K, capacity 15356K, committed 15488K, reserved 1048576K
Event: 4262.660 GC heap after
Heap after GC invocations=37 (full 4):
 PSYoungGen      total 517120K, used 32973K [0x00000000d5580000, 0x00000000fd580000, 0x0000000100000000)
  eden space 440832K, 0% used [0x00000000d5580000,0x00000000d5580000,0x00000000f0400000)
  from space 76288K, 43% used [0x00000000f0400000,0x00000000f2433768,0x00000000f4e80000)
  to   space 73216K, 0% used [0x00000000f8e00000,0x00000000f8e00000,0x00000000fd580000)
 ParOldGen       total 327680K, used 96204K [0x0000000080000000, 0x0000000094000000, 0x00000000d5580000)
  object space 327680K, 29% used [0x0000000080000000,0x0000000085df31a0,0x0000000094000000)
 Metaspace       used 110928K, capacity 117172K, committed 117324K, reserved 1150976K
  class space    used 14163K, capacity 15356K, committed 15488K, reserved 1048576K
}

